Using pre-set license
Built from '2020.2/release' branch; Version is '2020.2.2f1 (068178b99f32) revision 426360'; Using compiler version '192528614'; Build Type 'Release'
OS: 'Windows 10 Enterprise; OS build 19042.746; Version 2009; 64bit' Language: 'es' Physical Memory: 16307 MB
BatchMode: 1, IsHumanControllingUs: 0, StartBugReporterOnCrash: 0, Is64bit: 1, IsPro: 0

 COMMAND LINE ARGUMENTS:
C:\Program Files\Unity\Hub\Editor\2020.2.2f1\Editor\Unity.exe
-adb2
-batchMode
-noUpm
-name
AssetImportWorker0
-projectPath
C:/Users/josgu/Documents/Projects/Unity Projects/GGJ/Global-Game-Jam-2021
-logFile
Logs/AssetImportWorker0.log
-srvPort
59459
Successfully changed project path to: C:/Users/josgu/Documents/Projects/Unity Projects/GGJ/Global-Game-Jam-2021
C:/Users/josgu/Documents/Projects/Unity Projects/GGJ/Global-Game-Jam-2021
Using Asset Import Pipeline V2.
Refreshing native plugins compatible for Editor in 42.88 ms, found 0 plugins.
Preloading 0 native plugins for Editor in 0.00 ms.
Initialize engine version: 2020.2.2f1 (068178b99f32)
[Subsystems] Discovering subsystems at path C:/Program Files/Unity/Hub/Editor/2020.2.2f1/Editor/Data/Resources/UnitySubsystems
[Subsystems] Discovering subsystems at path C:/Users/josgu/Documents/Projects/Unity Projects/GGJ/Global-Game-Jam-2021/Assets
GfxDevice: creating device client; threaded=0
Direct3D:
    Version:  Direct3D 11.0 [level 11.1]
    Renderer: NVIDIA GeForce GTX 970 (ID=0x13c2)
    Vendor:   
    VRAM:     4043 MB
    Driver:   27.21.14.6089
Shader 'Universal Render Pipeline/Particles/Lit': fallback shader 'Universal Render Pipeline/Particles/SimpleLit' not found
Initialize mono
Mono path[0] = 'C:/Program Files/Unity/Hub/Editor/2020.2.2f1/Editor/Data/Managed'
Mono path[1] = 'C:/Program Files/Unity/Hub/Editor/2020.2.2f1/Editor/Data/MonoBleedingEdge/lib/mono/unityjit'
Mono config path = 'C:/Program Files/Unity/Hub/Editor/2020.2.2f1/Editor/Data/MonoBleedingEdge/etc'
Using monoOptions --debugger-agent=transport=dt_socket,embedding=1,server=y,suspend=n,address=127.0.0.1:56072
Begin MonoManager ReloadAssembly
Registering precompiled unity dll's ...
Register platform support module: C:/Program Files/Unity/Hub/Editor/2020.2.2f1/Editor/Data/PlaybackEngines/WindowsStandaloneSupport/UnityEditor.WindowsStandalone.Extensions.dll
Registered in 0.001301 seconds.
Native extension for WindowsStandalone target not found
Refreshing native plugins compatible for Editor in 33.14 ms, found 0 plugins.
Preloading 0 native plugins for Editor in 0.00 ms.
Invoked RoslynAnalysisRunner static constructor.
RoslynAnalysisRunner will not be running.
RoslynAnalysisRunner has terminated.
Mono: successfully reloaded assembly
- Completed reload, in  0.788 seconds
Platform modules already initialized, skipping
Registering precompiled user dll's ...
Registered in 0.000922 seconds.
Begin MonoManager ReloadAssembly
Native extension for WindowsStandalone target not found
Refreshing native plugins compatible for Editor in 34.42 ms, found 0 plugins.
Preloading 0 native plugins for Editor in 0.00 ms.
Invoked RoslynAnalysisRunner static constructor.
RoslynAnalysisRunner will not be running.
RoslynAnalysisRunner has terminated.
Mono: successfully reloaded assembly
- Completed reload, in  0.760 seconds
Platform modules already initialized, skipping
========================================================================
Worker process is ready to serve import requests
Shader 'Universal Render Pipeline/Particles/Lit': fallback shader 'Universal Render Pipeline/Particles/SimpleLit' not found
Launched and connected shader compiler UnityShaderCompiler.exe after 0.05 seconds
Refreshing native plugins compatible for Editor in 0.36 ms, found 0 plugins.
Preloading 0 native plugins for Editor in 0.00 ms.
Unloading 2380 Unused Serialized files (Serialized files now loaded: 0)
System memory in use before: 111.4 MB.
System memory in use after: 111.6 MB.

Unloading 10 unused Assets to reduce memory usage. Loaded Objects now: 2822.
Total: 1.856800 ms (FindLiveObjects: 0.242200 ms CreateObjectMapping: 0.137300 ms MarkObjects: 1.430200 ms  DeleteObjects: 0.046400 ms)

========================================================================
Received Import Request.
  path: ProjectSettings/TagManager.asset
  artifactKey: Guid(00000000000000003000000000000000) Importer(815301076,1909f56bfc062723c751e8b465ee728b)
Start importing ProjectSettings/TagManager.asset using Guid(00000000000000003000000000000000) Importer(815301076,1909f56bfc062723c751e8b465ee728b)  -> (artifact id: 'cd19a940a839a0240b5c789fa1746934') in 0.025166 seconds
  Import took 0.028186 seconds .

========================================================================
Received Prepare
Registering precompiled user dll's ...
Registered in 0.001015 seconds.
Begin MonoManager ReloadAssembly
Native extension for WindowsStandalone target not found
Refreshing native plugins compatible for Editor in 0.34 ms, found 0 plugins.
Preloading 0 native plugins for Editor in 0.00 ms.
Invoked RoslynAnalysisRunner static constructor.
RoslynAnalysisRunner will not be running.
RoslynAnalysisRunner has terminated.
Mono: successfully reloaded assembly
- Completed reload, in  0.684 seconds
Platform modules already initialized, skipping
Shader 'Universal Render Pipeline/Particles/Lit': fallback shader 'Universal Render Pipeline/Particles/SimpleLit' not found
Refreshing native plugins compatible for Editor in 0.49 ms, found 0 plugins.
Preloading 0 native plugins for Editor in 0.00 ms.
Unloading 2271 Unused Serialized files (Serialized files now loaded: 0)
System memory in use before: 106.0 MB.
System memory in use after: 106.3 MB.

Unloading 6 unused Assets to reduce memory usage. Loaded Objects now: 2824.
Total: 2.781700 ms (FindLiveObjects: 0.282600 ms CreateObjectMapping: 0.146700 ms MarkObjects: 2.329100 ms  DeleteObjects: 0.021700 ms)

========================================================================
Received Import Request.
  Time since last request: 61.911594 seconds.
  path: Assets/Scenes/Character
  artifactKey: Guid(27d26a1d0cfaa2a4b8518da86fcefb6f) Importer(815301076,1909f56bfc062723c751e8b465ee728b)
Start importing Assets/Scenes/Character using Guid(27d26a1d0cfaa2a4b8518da86fcefb6f) Importer(815301076,1909f56bfc062723c751e8b465ee728b)  -> (artifact id: '14dafcf5ad63e1b9dedba71c2aaa0c34') in 0.014722 seconds
  Import took 0.021167 seconds .

========================================================================
Received Import Request.
  Time since last request: 8.399126 seconds.
  path: Assets/Scenes/Character/EnvironmentObject.cs
  artifactKey: Guid(e2e4a35230938b7409be4a92108052f0) Importer(815301076,1909f56bfc062723c751e8b465ee728b)
Start importing Assets/Scenes/Character/EnvironmentObject.cs using Guid(e2e4a35230938b7409be4a92108052f0) Importer(815301076,1909f56bfc062723c751e8b465ee728b)  -> (artifact id: 'd7a8d3ca33817d55ae69ddb5cf7b6770') in 0.009916 seconds
  Import took 0.013358 seconds .

========================================================================
Received Import Request.
  Time since last request: 0.000973 seconds.
  path: Assets/Scenes/Character/EnvironmentObject.cs
  artifactKey: Guid(e2e4a35230938b7409be4a92108052f0) Importer(815301076,1909f56bfc062723c751e8b465ee728b)
Start importing Assets/Scenes/Character/EnvironmentObject.cs using Guid(e2e4a35230938b7409be4a92108052f0) Importer(815301076,1909f56bfc062723c751e8b465ee728b)  -> (artifact id: 'd7a8d3ca33817d55ae69ddb5cf7b6770') in 0.002414 seconds
  Import took 0.005670 seconds .

========================================================================
Received Prepare
Registering precompiled user dll's ...
Registered in 0.001009 seconds.
Begin MonoManager ReloadAssembly
Native extension for WindowsStandalone target not found
Refreshing native plugins compatible for Editor in 0.34 ms, found 0 plugins.
Preloading 0 native plugins for Editor in 0.00 ms.
Invoked RoslynAnalysisRunner static constructor.
RoslynAnalysisRunner will not be running.
RoslynAnalysisRunner has terminated.
Mono: successfully reloaded assembly
- Completed reload, in  0.724 seconds
Platform modules already initialized, skipping
Shader 'Universal Render Pipeline/Particles/Lit': fallback shader 'Universal Render Pipeline/Particles/SimpleLit' not found
Refreshing native plugins compatible for Editor in 0.33 ms, found 0 plugins.
Preloading 0 native plugins for Editor in 0.00 ms.
Unloading 2272 Unused Serialized files (Serialized files now loaded: 0)
System memory in use before: 106.8 MB.
System memory in use after: 107.1 MB.

Unloading 5 unused Assets to reduce memory usage. Loaded Objects now: 2827.
Total: 1.602500 ms (FindLiveObjects: 0.205900 ms CreateObjectMapping: 0.086700 ms MarkObjects: 1.295900 ms  DeleteObjects: 0.012800 ms)

========================================================================
Received Prepare
Registering precompiled user dll's ...
Registered in 0.001028 seconds.
Begin MonoManager ReloadAssembly
Native extension for WindowsStandalone target not found
Refreshing native plugins compatible for Editor in 0.33 ms, found 0 plugins.
Preloading 0 native plugins for Editor in 0.00 ms.
Invoked RoslynAnalysisRunner static constructor.
RoslynAnalysisRunner will not be running.
RoslynAnalysisRunner has terminated.
Mono: successfully reloaded assembly
- Completed reload, in  0.887 seconds
Platform modules already initialized, skipping
Shader 'Universal Render Pipeline/Particles/Lit': fallback shader 'Universal Render Pipeline/Particles/SimpleLit' not found
Refreshing native plugins compatible for Editor in 0.37 ms, found 0 plugins.
Preloading 0 native plugins for Editor in 0.00 ms.
Unloading 2272 Unused Serialized files (Serialized files now loaded: 0)
System memory in use before: 107.1 MB.
System memory in use after: 107.3 MB.

Unloading 5 unused Assets to reduce memory usage. Loaded Objects now: 2829.
Total: 2.125800 ms (FindLiveObjects: 0.221200 ms CreateObjectMapping: 0.108400 ms MarkObjects: 1.779800 ms  DeleteObjects: 0.015300 ms)

========================================================================
Received Import Request.
  Time since last request: 94.404059 seconds.
  path: Assets/Scenes/Character/EnvironmentObject.cs
  artifactKey: Guid(e2e4a35230938b7409be4a92108052f0) Importer(815301076,1909f56bfc062723c751e8b465ee728b)
Start importing Assets/Scenes/Character/EnvironmentObject.cs using Guid(e2e4a35230938b7409be4a92108052f0) Importer(815301076,1909f56bfc062723c751e8b465ee728b)  -> (artifact id: 'b36c423ecc39789ad9ee4b5672731649') in 0.004996 seconds
  Import took 0.008396 seconds .

========================================================================
Received Import Request.
  Time since last request: 3.094880 seconds.
  path: Assets/Scenes/Character/Environment
  artifactKey: Guid(152b192fdfc4de245bc906e320509ea7) Importer(815301076,1909f56bfc062723c751e8b465ee728b)
Start importing Assets/Scenes/Character/Environment using Guid(152b192fdfc4de245bc906e320509ea7) Importer(815301076,1909f56bfc062723c751e8b465ee728b)  -> (artifact id: '8b77584204994959f8c5ad3630d1ba74') in 0.005313 seconds
  Import took 0.008271 seconds .

========================================================================
Received Prepare
Registering precompiled user dll's ...
Registered in 0.001025 seconds.
Begin MonoManager ReloadAssembly
Native extension for WindowsStandalone target not found
Refreshing native plugins compatible for Editor in 0.36 ms, found 0 plugins.
Preloading 0 native plugins for Editor in 0.00 ms.
Invoked RoslynAnalysisRunner static constructor.
RoslynAnalysisRunner will not be running.
RoslynAnalysisRunner has terminated.
Mono: successfully reloaded assembly
- Completed reload, in  0.685 seconds
Platform modules already initialized, skipping
Shader 'Universal Render Pipeline/Particles/Lit': fallback shader 'Universal Render Pipeline/Particles/SimpleLit' not found
Refreshing native plugins compatible for Editor in 0.33 ms, found 0 plugins.
Preloading 0 native plugins for Editor in 0.00 ms.
Unloading 2272 Unused Serialized files (Serialized files now loaded: 0)
System memory in use before: 107.0 MB.
System memory in use after: 107.3 MB.

Unloading 5 unused Assets to reduce memory usage. Loaded Objects now: 2831.
Total: 2.144000 ms (FindLiveObjects: 0.249500 ms CreateObjectMapping: 0.127000 ms MarkObjects: 1.753100 ms  DeleteObjects: 0.013500 ms)

========================================================================
Received Import Request.
  Time since last request: 38.875781 seconds.
  path: Assets/Scenes/Character/Environment/EnvironmentFloor.cs
  artifactKey: Guid(2e07e17ea2fd2cb47984c1773a4a34b4) Importer(815301076,1909f56bfc062723c751e8b465ee728b)
Start importing Assets/Scenes/Character/Environment/EnvironmentFloor.cs using Guid(2e07e17ea2fd2cb47984c1773a4a34b4) Importer(815301076,1909f56bfc062723c751e8b465ee728b)  -> (artifact id: 'd4873bdaaf3add3de9a9ea37b7ad1052') in 0.009007 seconds
  Import took 0.012046 seconds .

========================================================================
Received Prepare
Registering precompiled user dll's ...
Registered in 0.001006 seconds.
Begin MonoManager ReloadAssembly
Native extension for WindowsStandalone target not found
Refreshing native plugins compatible for Editor in 0.37 ms, found 0 plugins.
Preloading 0 native plugins for Editor in 0.00 ms.
Invoked RoslynAnalysisRunner static constructor.
RoslynAnalysisRunner will not be running.
RoslynAnalysisRunner has terminated.
Mono: successfully reloaded assembly
- Completed reload, in  0.664 seconds
Platform modules already initialized, skipping
Shader 'Universal Render Pipeline/Particles/Lit': fallback shader 'Universal Render Pipeline/Particles/SimpleLit' not found
Refreshing native plugins compatible for Editor in 0.37 ms, found 0 plugins.
Preloading 0 native plugins for Editor in 0.00 ms.
Unloading 2273 Unused Serialized files (Serialized files now loaded: 0)
System memory in use before: 107.1 MB.
System memory in use after: 107.3 MB.

Unloading 5 unused Assets to reduce memory usage. Loaded Objects now: 2834.
Total: 1.652500 ms (FindLiveObjects: 0.199000 ms CreateObjectMapping: 0.091400 ms MarkObjects: 1.349000 ms  DeleteObjects: 0.012300 ms)

========================================================================
Received Prepare
Registering precompiled user dll's ...
Registered in 0.000993 seconds.
Begin MonoManager ReloadAssembly
Native extension for WindowsStandalone target not found
Refreshing native plugins compatible for Editor in 0.33 ms, found 0 plugins.
Preloading 0 native plugins for Editor in 0.00 ms.
Invoked RoslynAnalysisRunner static constructor.
RoslynAnalysisRunner will not be running.
RoslynAnalysisRunner has terminated.
Mono: successfully reloaded assembly
- Completed reload, in  0.704 seconds
Platform modules already initialized, skipping
Shader 'Universal Render Pipeline/Particles/Lit': fallback shader 'Universal Render Pipeline/Particles/SimpleLit' not found
Refreshing native plugins compatible for Editor in 0.40 ms, found 0 plugins.
Preloading 0 native plugins for Editor in 0.00 ms.
Unloading 2273 Unused Serialized files (Serialized files now loaded: 0)
System memory in use before: 107.2 MB.
System memory in use after: 107.4 MB.

Unloading 5 unused Assets to reduce memory usage. Loaded Objects now: 2836.
Total: 1.994700 ms (FindLiveObjects: 0.243200 ms CreateObjectMapping: 0.120000 ms MarkObjects: 1.615400 ms  DeleteObjects: 0.014900 ms)

========================================================================
Received Import Request.
  Time since last request: 43.325655 seconds.
  path: Assets/Scenes/Character/Environment/EnvironmentFloor.cs
  artifactKey: Guid(2e07e17ea2fd2cb47984c1773a4a34b4) Importer(815301076,1909f56bfc062723c751e8b465ee728b)
Start importing Assets/Scenes/Character/Environment/EnvironmentFloor.cs using Guid(2e07e17ea2fd2cb47984c1773a4a34b4) Importer(815301076,1909f56bfc062723c751e8b465ee728b)  -> (artifact id: '1625c3e6a8f6b007fcf615e126a85078') in 0.004156 seconds
  Import took 0.007128 seconds .

========================================================================
Received Prepare
Registering precompiled user dll's ...
Registered in 0.001055 seconds.
Begin MonoManager ReloadAssembly
Native extension for WindowsStandalone target not found
Refreshing native plugins compatible for Editor in 0.33 ms, found 0 plugins.
Preloading 0 native plugins for Editor in 0.00 ms.
Invoked RoslynAnalysisRunner static constructor.
RoslynAnalysisRunner will not be running.
RoslynAnalysisRunner has terminated.
Mono: successfully reloaded assembly
- Completed reload, in  0.660 seconds
Platform modules already initialized, skipping
Shader 'Universal Render Pipeline/Particles/Lit': fallback shader 'Universal Render Pipeline/Particles/SimpleLit' not found
Refreshing native plugins compatible for Editor in 0.40 ms, found 0 plugins.
Preloading 0 native plugins for Editor in 0.00 ms.
Unloading 2273 Unused Serialized files (Serialized files now loaded: 0)
System memory in use before: 106.8 MB.
System memory in use after: 107.1 MB.

Unloading 5 unused Assets to reduce memory usage. Loaded Objects now: 2838.
Total: 1.761500 ms (FindLiveObjects: 0.207200 ms CreateObjectMapping: 0.087600 ms MarkObjects: 1.455200 ms  DeleteObjects: 0.010700 ms)

========================================================================
Received Import Request.
  Time since last request: 139.554084 seconds.
  path: Assets/Scenes/Character/Environment/EnvironmentFloor.cs
  artifactKey: Guid(2e07e17ea2fd2cb47984c1773a4a34b4) Importer(815301076,1909f56bfc062723c751e8b465ee728b)
Start importing Assets/Scenes/Character/Environment/EnvironmentFloor.cs using Guid(2e07e17ea2fd2cb47984c1773a4a34b4) Importer(815301076,1909f56bfc062723c751e8b465ee728b)  -> (artifact id: '625f6833b769507806f2cbb65acd926a') in 0.004380 seconds
  Import took 0.007396 seconds .

========================================================================
Received Prepare
Registering precompiled user dll's ...
Registered in 0.000990 seconds.
Begin MonoManager ReloadAssembly
Native extension for WindowsStandalone target not found
Refreshing native plugins compatible for Editor in 0.33 ms, found 0 plugins.
Preloading 0 native plugins for Editor in 0.00 ms.
Invoked RoslynAnalysisRunner static constructor.
RoslynAnalysisRunner will not be running.
RoslynAnalysisRunner has terminated.
Mono: successfully reloaded assembly
- Completed reload, in  0.672 seconds
Platform modules already initialized, skipping
Shader 'Universal Render Pipeline/Particles/Lit': fallback shader 'Universal Render Pipeline/Particles/SimpleLit' not found
Refreshing native plugins compatible for Editor in 0.33 ms, found 0 plugins.
Preloading 0 native plugins for Editor in 0.00 ms.
Unloading 2273 Unused Serialized files (Serialized files now loaded: 0)
System memory in use before: 107.2 MB.
System memory in use after: 107.4 MB.

Unloading 5 unused Assets to reduce memory usage. Loaded Objects now: 2840.
Total: 2.043200 ms (FindLiveObjects: 0.232700 ms CreateObjectMapping: 0.117600 ms MarkObjects: 1.676800 ms  DeleteObjects: 0.014900 ms)

========================================================================
Received Prepare
Registering precompiled user dll's ...
Registered in 0.000953 seconds.
Begin MonoManager ReloadAssembly
Native extension for WindowsStandalone target not found
Refreshing native plugins compatible for Editor in 0.33 ms, found 0 plugins.
Preloading 0 native plugins for Editor in 0.00 ms.
Invoked RoslynAnalysisRunner static constructor.
RoslynAnalysisRunner will not be running.
RoslynAnalysisRunner has terminated.
Mono: successfully reloaded assembly
- Completed reload, in  0.789 seconds
Platform modules already initialized, skipping
Shader 'Universal Render Pipeline/Particles/Lit': fallback shader 'Universal Render Pipeline/Particles/SimpleLit' not found
Refreshing native plugins compatible for Editor in 0.33 ms, found 0 plugins.
Preloading 0 native plugins for Editor in 0.00 ms.
Unloading 2273 Unused Serialized files (Serialized files now loaded: 0)
System memory in use before: 107.0 MB.
System memory in use after: 107.2 MB.

Unloading 5 unused Assets to reduce memory usage. Loaded Objects now: 2842.
Total: 1.679400 ms (FindLiveObjects: 0.238900 ms CreateObjectMapping: 0.102300 ms MarkObjects: 1.325700 ms  DeleteObjects: 0.011500 ms)

========================================================================
Received Prepare
Registering precompiled user dll's ...
Registered in 0.000947 seconds.
Begin MonoManager ReloadAssembly
Native extension for WindowsStandalone target not found
Refreshing native plugins compatible for Editor in 0.35 ms, found 0 plugins.
Preloading 0 native plugins for Editor in 0.00 ms.
Invoked RoslynAnalysisRunner static constructor.
RoslynAnalysisRunner will not be running.
RoslynAnalysisRunner has terminated.
Mono: successfully reloaded assembly
- Completed reload, in  0.682 seconds
Platform modules already initialized, skipping
Shader 'Universal Render Pipeline/Particles/Lit': fallback shader 'Universal Render Pipeline/Particles/SimpleLit' not found
Refreshing native plugins compatible for Editor in 0.37 ms, found 0 plugins.
Preloading 0 native plugins for Editor in 0.00 ms.
Unloading 2273 Unused Serialized files (Serialized files now loaded: 0)
System memory in use before: 107.1 MB.
System memory in use after: 107.3 MB.

Unloading 5 unused Assets to reduce memory usage. Loaded Objects now: 2844.
Total: 2.022900 ms (FindLiveObjects: 0.246300 ms CreateObjectMapping: 0.113600 ms MarkObjects: 1.641000 ms  DeleteObjects: 0.020900 ms)

========================================================================
Received Prepare
Registering precompiled user dll's ...
Registered in 0.000957 seconds.
Begin MonoManager ReloadAssembly
Native extension for WindowsStandalone target not found
Refreshing native plugins compatible for Editor in 0.35 ms, found 0 plugins.
Preloading 0 native plugins for Editor in 0.00 ms.
Invoked RoslynAnalysisRunner static constructor.
RoslynAnalysisRunner will not be running.
RoslynAnalysisRunner has terminated.
Mono: successfully reloaded assembly
- Completed reload, in  0.840 seconds
Platform modules already initialized, skipping
Shader 'Universal Render Pipeline/Particles/Lit': fallback shader 'Universal Render Pipeline/Particles/SimpleLit' not found
Refreshing native plugins compatible for Editor in 0.38 ms, found 0 plugins.
Preloading 0 native plugins for Editor in 0.00 ms.
Unloading 2273 Unused Serialized files (Serialized files now loaded: 0)
System memory in use before: 107.2 MB.
System memory in use after: 107.4 MB.

Unloading 5 unused Assets to reduce memory usage. Loaded Objects now: 2846.
Total: 1.937200 ms (FindLiveObjects: 0.227000 ms CreateObjectMapping: 0.104300 ms MarkObjects: 1.591200 ms  DeleteObjects: 0.013900 ms)

========================================================================
Received Prepare
Registering precompiled user dll's ...
Registered in 0.001132 seconds.
Begin MonoManager ReloadAssembly
Native extension for WindowsStandalone target not found
Refreshing native plugins compatible for Editor in 0.38 ms, found 0 plugins.
Preloading 0 native plugins for Editor in 0.00 ms.
Invoked RoslynAnalysisRunner static constructor.
RoslynAnalysisRunner will not be running.
RoslynAnalysisRunner has terminated.
Mono: successfully reloaded assembly
- Completed reload, in  0.715 seconds
Platform modules already initialized, skipping
Shader 'Universal Render Pipeline/Particles/Lit': fallback shader 'Universal Render Pipeline/Particles/SimpleLit' not found
Refreshing native plugins compatible for Editor in 0.43 ms, found 0 plugins.
Preloading 0 native plugins for Editor in 0.00 ms.
Unloading 2273 Unused Serialized files (Serialized files now loaded: 0)
System memory in use before: 107.2 MB.
System memory in use after: 107.4 MB.

Unloading 5 unused Assets to reduce memory usage. Loaded Objects now: 2848.
Total: 2.340600 ms (FindLiveObjects: 0.292700 ms CreateObjectMapping: 0.187700 ms MarkObjects: 1.844600 ms  DeleteObjects: 0.014600 ms)

========================================================================
Received Import Request.
  Time since last request: 1891.662754 seconds.
  path: Assets/Scenes/Character/Environment/EnvironmentFloor.cs
  artifactKey: Guid(2e07e17ea2fd2cb47984c1773a4a34b4) Importer(815301076,1909f56bfc062723c751e8b465ee728b)
Start importing Assets/Scenes/Character/Environment/EnvironmentFloor.cs using Guid(2e07e17ea2fd2cb47984c1773a4a34b4) Importer(815301076,1909f56bfc062723c751e8b465ee728b)  -> (artifact id: '721b69f289dcede06124334f07899693') in 0.005366 seconds
  Import took 0.008685 seconds .

========================================================================
Received Import Request.
  Time since last request: 0.000472 seconds.
  path: Assets/Scenes/Character/Environment/EnvironmentFloor.cs
  artifactKey: Guid(2e07e17ea2fd2cb47984c1773a4a34b4) Importer(815301076,1909f56bfc062723c751e8b465ee728b)
Start importing Assets/Scenes/Character/Environment/EnvironmentFloor.cs using Guid(2e07e17ea2fd2cb47984c1773a4a34b4) Importer(815301076,1909f56bfc062723c751e8b465ee728b)  -> (artifact id: '721b69f289dcede06124334f07899693') in 0.002177 seconds
  Import took 0.004994 seconds .

========================================================================
Received Import Request.
  Time since last request: 0.999668 seconds.
  path: Assets/Scenes/Character/Environment/EnvironmentObject.cs
  artifactKey: Guid(e2e4a35230938b7409be4a92108052f0) Importer(815301076,1909f56bfc062723c751e8b465ee728b)
Start importing Assets/Scenes/Character/Environment/EnvironmentObject.cs using Guid(e2e4a35230938b7409be4a92108052f0) Importer(815301076,1909f56bfc062723c751e8b465ee728b)  -> (artifact id: 'b75ccfa05a2535a51c718b5f65aff2eb') in 0.002648 seconds
  Import took 0.006061 seconds .

========================================================================
Received Import Request.
  Time since last request: 14.932879 seconds.
  path: Assets/Scenes/Character/Environment/EnvironmentInteractable.cs
  artifactKey: Guid(aae184fae8356ce49a15e4a42d922548) Importer(815301076,1909f56bfc062723c751e8b465ee728b)
Start importing Assets/Scenes/Character/Environment/EnvironmentInteractable.cs using Guid(aae184fae8356ce49a15e4a42d922548) Importer(815301076,1909f56bfc062723c751e8b465ee728b)  -> (artifact id: '1b0f52cb04f421a71975b6de9b539e1d') in 0.007690 seconds
  Import took 0.011282 seconds .

========================================================================
Received Import Request.
  Time since last request: 0.004003 seconds.
  path: Assets/Scenes/Character/Environment/EnvironmentInteractable.cs
  artifactKey: Guid(aae184fae8356ce49a15e4a42d922548) Importer(815301076,1909f56bfc062723c751e8b465ee728b)
Start importing Assets/Scenes/Character/Environment/EnvironmentInteractable.cs using Guid(aae184fae8356ce49a15e4a42d922548) Importer(815301076,1909f56bfc062723c751e8b465ee728b)  -> (artifact id: '1b0f52cb04f421a71975b6de9b539e1d') in 0.002688 seconds
  Import took 0.006474 seconds .

========================================================================
Received Prepare
Registering precompiled user dll's ...
Registered in 0.001050 seconds.
Begin MonoManager ReloadAssembly
Native extension for WindowsStandalone target not found
Refreshing native plugins compatible for Editor in 0.41 ms, found 0 plugins.
Preloading 0 native plugins for Editor in 0.00 ms.
Invoked RoslynAnalysisRunner static constructor.
RoslynAnalysisRunner will not be running.
RoslynAnalysisRunner has terminated.
Mono: successfully reloaded assembly
- Completed reload, in  0.680 seconds
Platform modules already initialized, skipping
Shader 'Universal Render Pipeline/Particles/Lit': fallback shader 'Universal Render Pipeline/Particles/SimpleLit' not found
Refreshing native plugins compatible for Editor in 0.72 ms, found 0 plugins.
Preloading 0 native plugins for Editor in 0.00 ms.
Unloading 2274 Unused Serialized files (Serialized files now loaded: 0)
System memory in use before: 107.2 MB.
System memory in use after: 107.5 MB.

Unloading 5 unused Assets to reduce memory usage. Loaded Objects now: 2851.
Total: 4.555800 ms (FindLiveObjects: 0.463000 ms CreateObjectMapping: 0.269600 ms MarkObjects: 3.789700 ms  DeleteObjects: 0.030800 ms)

========================================================================
Received Prepare
Registering precompiled user dll's ...
Registered in 0.001018 seconds.
Begin MonoManager ReloadAssembly
Native extension for WindowsStandalone target not found
Refreshing native plugins compatible for Editor in 0.34 ms, found 0 plugins.
Preloading 0 native plugins for Editor in 0.00 ms.
Invoked RoslynAnalysisRunner static constructor.
RoslynAnalysisRunner will not be running.
RoslynAnalysisRunner has terminated.
Mono: successfully reloaded assembly
- Completed reload, in  0.684 seconds
Platform modules already initialized, skipping
Shader 'Universal Render Pipeline/Particles/Lit': fallback shader 'Universal Render Pipeline/Particles/SimpleLit' not found
Refreshing native plugins compatible for Editor in 0.34 ms, found 0 plugins.
Preloading 0 native plugins for Editor in 0.00 ms.
Unloading 2274 Unused Serialized files (Serialized files now loaded: 0)
System memory in use before: 107.0 MB.
System memory in use after: 107.2 MB.

Unloading 5 unused Assets to reduce memory usage. Loaded Objects now: 2853.
Total: 1.901400 ms (FindLiveObjects: 0.239600 ms CreateObjectMapping: 0.109100 ms MarkObjects: 1.538900 ms  DeleteObjects: 0.013000 ms)

========================================================================
Received Import Request.
  Time since last request: 401.901179 seconds.
  path: Assets/Scenes/Character/Environment/EnvironmentInteractable.cs
  artifactKey: Guid(aae184fae8356ce49a15e4a42d922548) Importer(815301076,1909f56bfc062723c751e8b465ee728b)
Start importing Assets/Scenes/Character/Environment/EnvironmentInteractable.cs using Guid(aae184fae8356ce49a15e4a42d922548) Importer(815301076,1909f56bfc062723c751e8b465ee728b)  -> (artifact id: 'ce8a9eeadd9b4c2739b986a7e24d3b1e') in 0.004785 seconds
  Import took 0.011414 seconds .

========================================================================
Received Prepare
Registering precompiled user dll's ...
Registered in 0.000987 seconds.
Begin MonoManager ReloadAssembly
Native extension for WindowsStandalone target not found
Refreshing native plugins compatible for Editor in 0.35 ms, found 0 plugins.
Preloading 0 native plugins for Editor in 0.00 ms.
Invoked RoslynAnalysisRunner static constructor.
RoslynAnalysisRunner will not be running.
RoslynAnalysisRunner has terminated.
Mono: successfully reloaded assembly
- Completed reload, in  0.686 seconds
Platform modules already initialized, skipping
Shader 'Universal Render Pipeline/Particles/Lit': fallback shader 'Universal Render Pipeline/Particles/SimpleLit' not found
Refreshing native plugins compatible for Editor in 0.36 ms, found 0 plugins.
Preloading 0 native plugins for Editor in 0.00 ms.
Unloading 2274 Unused Serialized files (Serialized files now loaded: 0)
System memory in use before: 107.1 MB.
System memory in use after: 107.4 MB.

Unloading 5 unused Assets to reduce memory usage. Loaded Objects now: 2855.
Total: 2.186700 ms (FindLiveObjects: 0.238500 ms CreateObjectMapping: 0.109900 ms MarkObjects: 1.819400 ms  DeleteObjects: 0.017800 ms)

========================================================================
Received Prepare
Registering precompiled user dll's ...
Registered in 0.000921 seconds.
Begin MonoManager ReloadAssembly
Native extension for WindowsStandalone target not found
Refreshing native plugins compatible for Editor in 0.32 ms, found 0 plugins.
Preloading 0 native plugins for Editor in 0.00 ms.
Invoked RoslynAnalysisRunner static constructor.
RoslynAnalysisRunner will not be running.
RoslynAnalysisRunner has terminated.
Mono: successfully reloaded assembly
- Completed reload, in  0.875 seconds
Platform modules already initialized, skipping
Shader 'Universal Render Pipeline/Particles/Lit': fallback shader 'Universal Render Pipeline/Particles/SimpleLit' not found
Refreshing native plugins compatible for Editor in 0.40 ms, found 0 plugins.
Preloading 0 native plugins for Editor in 0.00 ms.
Unloading 2274 Unused Serialized files (Serialized files now loaded: 0)
System memory in use before: 107.2 MB.
System memory in use after: 107.4 MB.

Unloading 5 unused Assets to reduce memory usage. Loaded Objects now: 2857.
Total: 1.617200 ms (FindLiveObjects: 0.200500 ms CreateObjectMapping: 0.086400 ms MarkObjects: 1.319300 ms  DeleteObjects: 0.010300 ms)

========================================================================
Received Prepare
Registering precompiled user dll's ...
Registered in 0.001093 seconds.
Begin MonoManager ReloadAssembly
Native extension for WindowsStandalone target not found
Refreshing native plugins compatible for Editor in 0.36 ms, found 0 plugins.
Preloading 0 native plugins for Editor in 0.00 ms.
Invoked RoslynAnalysisRunner static constructor.
RoslynAnalysisRunner will not be running.
RoslynAnalysisRunner has terminated.
Mono: successfully reloaded assembly
- Completed reload, in  0.712 seconds
Platform modules already initialized, skipping
Shader 'Universal Render Pipeline/Particles/Lit': fallback shader 'Universal Render Pipeline/Particles/SimpleLit' not found
Refreshing native plugins compatible for Editor in 0.34 ms, found 0 plugins.
Preloading 0 native plugins for Editor in 0.00 ms.
Unloading 2274 Unused Serialized files (Serialized files now loaded: 0)
System memory in use before: 107.3 MB.
System memory in use after: 107.5 MB.

Unloading 5 unused Assets to reduce memory usage. Loaded Objects now: 2859.
Total: 2.173100 ms (FindLiveObjects: 0.296200 ms CreateObjectMapping: 0.130700 ms MarkObjects: 1.731200 ms  DeleteObjects: 0.014100 ms)

